<?xml version="1.0" encoding="UTF-8"?>
<testsuite name="PoolTest" tests="7" skipped="0" failures="0" errors="0" timestamp="2021-10-02T22:06:39" hostname="DESKTOP-NM8BF01" time="0.093">
  <properties/>
  <testcase name="getAndDisposeItem()" classname="PoolTest" time="0.037"/>
  <testcase name="instancesCountAfterMultipleGetWithoutDisposes()" classname="PoolTest" time="0.014"/>
  <testcase name="instancesCountAfterMultipleDisposes()" classname="PoolTest" time="0.007"/>
  <testcase name="poolCreation()" classname="PoolTest" time="0.003"/>
  <testcase name="getItemEmptyPool()" classname="PoolTest" time="0.003"/>
  <testcase name="multipleGet()" classname="PoolTest" time="0.009"/>
  <testcase name="multipleDisposes()" classname="PoolTest" time="0.011"/>
  <system-out><![CDATA[]]></system-out>
  <system-err><![CDATA[]]></system-err>
</testsuite>
